-------------------------------------------------------------------------------
Test set: runner.Runner
-------------------------------------------------------------------------------
Tests run: 7, Failures: 1, Errors: 0, Skipped: 0, Time elapsed: 169.981 s <<< FAILURE! - in runner.Runner
Filter the price(Filter)  Time elapsed: 34.305 s  <<< FAILURE!
java.lang.AssertionError: 

Expected: <true>
     but: was <false>

