<?xml version="1.0" encoding="UTF-8"?>
<testsuite xmlns:xsi="http://www.w3.org/2001/XMLSchema-instance" xsi:noNamespaceSchemaLocation="https://maven.apache.org/surefire/maven-failsafe-plugin/xsd/failsafe-test-report.xsd" name="runner.Runner" time="169.981" tests="7" errors="0" skipped="0" failures="1">
  <properties>
[...]
</properties>
  <testcase name="Filter the price" classname="Filter" time="34.305">
    <failure message="&#10;Expected: &lt;true&gt;&#10;     but: was &lt;false&gt;" type="java.lang.AssertionError"><![CDATA[java.lang.AssertionError: 

Expected: <true>
     but: was <false>
]]></failure>
    <system-err><![CDATA[Starting ChromeDriver 76.0.3809.126 (d80a294506b4c9d18015e755cee48f953ddc3f2f-refs/branch-heads/3809@{#1024}) on port 1821
Only local connections are allowed.
Please protect ports used by ChromeDriver and related test frameworks to prevent access by malicious code.
sep 02, 2019 5:08:58 PM org.openqa.selenium.remote.ProtocolHandshake createSession
INFORMACIÓN: Detected dialect: W3C
]]></system-err>
  </testcase>
  <testcase name="Invalid registration" classname="Register" time="23.424"/>
  <testcase name="Add a product to the shopping cart" classname="Shopping cart" time="24.304"/>
  <testcase name="Delete a product from the shopping cart" classname="Shopping cart" time="28.974"/>
  <testcase name="Succesful sign in" classname="Sign In" time="23.732"/>
  <testcase name="Unsuccesful sign in" classname="Sign In" time="13.312"/>
  <testcase name="Succesful sign out" classname="Sign out" time="20.55"/>
</testsuite>