<?xml version="1.0" encoding="UTF-8"?>
<testsuite xmlns:xsi="http://www.w3.org/2001/XMLSchema-instance" xsi:noNamespaceSchemaLocation="https://maven.apache.org/surefire/maven-failsafe-plugin/xsd/failsafe-test-report.xsd" name="runner.Runner" time="285.766" tests="17" errors="0" skipped="14" failures="0">
  <properties>
[...]
</properties>
  <testcase name="Filter the price" classname="Filter" time="0">
    <skipped message="The step &quot;I&apos;m in the Falabella homepage&quot; is undefined"/>
    <system-err><![CDATA[Starting ChromeDriver 76.0.3809.126 (d80a294506b4c9d18015e755cee48f953ddc3f2f-refs/branch-heads/3809@{#1024}) on port 5649
Only local connections are allowed.
Please protect ports used by ChromeDriver and related test frameworks to prevent access by malicious code.
ago 23, 2019 5:51:17 PM org.openqa.selenium.remote.ProtocolHandshake createSession
INFORMACIÓN: Detected dialect: W3C
]]></system-err>
  </testcase>
  <testcase name="Filter the price" classname="Filter" time="0">
    <skipped message="The step &quot;I search for &quot;cremas&quot;&quot; is undefined"/>
  </testcase>
  <testcase name="Filter the price" classname="Filter" time="0">
    <skipped message="The step &quot;I aply the filter for price between 5000 and 20000&quot; is undefined"/>
  </testcase>
  <testcase name="Filter the price" classname="Filter" time="0">
    <skipped message="The step &quot;I should see just products with prices in this range&quot; is undefined"/>
  </testcase>
  <testcase name="Invalid registration" classname="Register" time="0">
    <skipped message="The step &quot;I try to register&quot; is undefined"/>
    <system-err><![CDATA[Starting ChromeDriver 76.0.3809.126 (d80a294506b4c9d18015e755cee48f953ddc3f2f-refs/branch-heads/3809@{#1024}) on port 12360
Only local connections are allowed.
Please protect ports used by ChromeDriver and related test frameworks to prevent access by malicious code.
ago 23, 2019 5:51:22 PM org.openqa.selenium.remote.ProtocolHandshake createSession
INFORMACIÓN: Detected dialect: W3C
]]></system-err>
  </testcase>
  <testcase name="Invalid registration" classname="Register" time="0">
    <skipped message="The step &quot;I fill all the field except for &quot;celular&quot;&quot; is undefined"/>
  </testcase>
  <testcase name="Invalid registration" classname="Register" time="0">
    <skipped message="The step &quot;I try to save my data&quot; is undefined"/>
  </testcase>
  <testcase name="Invalid registration" classname="Register" time="0">
    <skipped message="The step &quot;I should see a error message&quot; is undefined"/>
  </testcase>
  <testcase name="Add a product to the shopping cart" classname="Shopping cart" time="0">
    <skipped message="The step &quot;I am in a product page&quot; is undefined"/>
    <system-err><![CDATA[Starting ChromeDriver 76.0.3809.126 (d80a294506b4c9d18015e755cee48f953ddc3f2f-refs/branch-heads/3809@{#1024}) on port 21969
Only local connections are allowed.
Please protect ports used by ChromeDriver and related test frameworks to prevent access by malicious code.
ago 23, 2019 5:52:12 PM org.openqa.selenium.remote.ProtocolHandshake createSession
INFORMACIÓN: Detected dialect: W3C
]]></system-err>
  </testcase>
  <testcase name="Add a product to the shopping cart" classname="Shopping cart" time="0">
    <skipped message="The step &quot;I add the product to the cart&quot; is undefined"/>
  </testcase>
  <testcase name="Add a product to the shopping cart" classname="Shopping cart" time="0">
    <skipped message="The step &quot;I should see a pop up with the confirmation&quot; is undefined"/>
  </testcase>
  <testcase name="Delete a product from the shopping cart" classname="Shopping cart" time="0">
    <skipped message="The step &quot;I have a product in my shopping cart&quot; is undefined"/>
    <system-err><![CDATA[Starting ChromeDriver 76.0.3809.126 (d80a294506b4c9d18015e755cee48f953ddc3f2f-refs/branch-heads/3809@{#1024}) on port 9513
Only local connections are allowed.
Please protect ports used by ChromeDriver and related test frameworks to prevent access by malicious code.
ago 23, 2019 5:52:16 PM org.openqa.selenium.remote.ProtocolHandshake createSession
INFORMACIÓN: Detected dialect: W3C
]]></system-err>
  </testcase>
  <testcase name="Delete a product from the shopping cart" classname="Shopping cart" time="0">
    <skipped message="The step &quot;I delete the product&quot; is undefined"/>
  </testcase>
  <testcase name="Delete a product from the shopping cart" classname="Shopping cart" time="0">
    <skipped message="The step &quot;I should see a message saying that my cart is empty&quot; is undefined"/>
  </testcase>
  <testcase name="Succesful sign in" classname="Sign In" time="58.293"/>
  <testcase name="Unsuccesful sign in" classname="Sign In" time="55.912"/>
  <testcase name="Succesful sign out" classname="Sign out" time="103.601"/>
</testsuite>